<?xml version="1.0" encoding="UTF-8"?>
<!-- Generated by org.testng.reporters.JUnitReportReporter -->
<testsuite hostname="VKN-CPU-0272" failures="0" tests="3" name="com.crm.qa.testcases.LoginPageTestcases" time="45.959" errors="0" timestamp="2024-03-14T14:57:16 IST" skipped="0">
  <testcase classname="com.crm.qa.testcases.LoginPageTestcases" name="loginPageTitleTest" time="21.770"/>
  <testcase classname="com.crm.qa.testcases.LoginPageTestcases" name="LogopresentTest" time="10.360"/>
  <testcase classname="com.crm.qa.testcases.LoginPageTestcases" name="LoginOperationTest" time="13.829"/>
</testsuite> <!-- com.crm.qa.testcases.LoginPageTestcases -->
